<?xml version="1.0" encoding="UTF-8"?>
<testsuite xmlns:xsi="http://www.w3.org/2001/XMLSchema-instance" xsi:noNamespaceSchemaLocation="https://maven.apache.org/surefire/maven-surefire-plugin/xsd/surefire-test-report-3.0.xsd" version="3.0" name="edu.postech.csed332.homework3.StringAdjacencyMutableGraphTest" time="0.04" tests="13" errors="0" skipped="0" failures="0">
  <properties>
[...]
</properties>
  <testcase name="testGetSources" classname="edu.postech.csed332.homework3.StringAdjacencyMutableGraphTest" time="0.002"/>
  <testcase name="testContainsVertex" classname="edu.postech.csed332.homework3.StringAdjacencyMutableGraphTest" time="0.001"/>
  <testcase name="testAddDuplicateVertices" classname="edu.postech.csed332.homework3.StringAdjacencyMutableGraphTest" time="0.003"/>
  <testcase name="testGetEdges" classname="edu.postech.csed332.homework3.StringAdjacencyMutableGraphTest" time="0.001"/>
  <testcase name="testAddEdge" classname="edu.postech.csed332.homework3.StringAdjacencyMutableGraphTest" time="0.002"/>
  <testcase name="testGetTargets" classname="edu.postech.csed332.homework3.StringAdjacencyMutableGraphTest" time="0.001"/>
  <testcase name="testContainsEdge" classname="edu.postech.csed332.homework3.StringAdjacencyMutableGraphTest" time="0.001"/>
  <testcase name="testGetVertices" classname="edu.postech.csed332.homework3.StringAdjacencyMutableGraphTest" time="0.001"/>
  <testcase name="testRemoveVertex" classname="edu.postech.csed332.homework3.StringAdjacencyMutableGraphTest" time="0.001"/>
  <testcase name="testRemoveEdge" classname="edu.postech.csed332.homework3.StringAdjacencyMutableGraphTest" time="0.002"/>
  <testcase name="testAddVertex" classname="edu.postech.csed332.homework3.StringAdjacencyMutableGraphTest" time="0.002"/>
  <testcase name="testFindReachableVertices" classname="edu.postech.csed332.homework3.StringAdjacencyMutableGraphTest" time="0.005"/>
  <testcase name="testCheckInv" classname="edu.postech.csed332.homework3.StringAdjacencyMutableGraphTest" time="0.002"/>
</testsuite>