<?xml version="1.0" encoding="UTF-8"?>
<testsuite xmlns:xsi="http://www.w3.org/2001/XMLSchema-instance" xsi:noNamespaceSchemaLocation="https://maven.apache.org/surefire/maven-surefire-plugin/xsd/surefire-test-report-3.0.xsd" version="3.0" name="edu.postech.csed332.homework2.LibraryTest" time="0.056" tests="5" errors="0" skipped="0" failures="0">
  <properties>
[...]
</properties>
  <testcase name="testCreateLibraryByFilename" classname="edu.postech.csed332.homework2.LibraryTest" time="0.017"/>
  <testcase name="testfindBooksNull" classname="edu.postech.csed332.homework2.LibraryTest" time="0.004"/>
  <testcase name="testFindBook" classname="edu.postech.csed332.homework2.LibraryTest" time="0.008"/>
  <testcase name="testFindBookByAuthor" classname="edu.postech.csed332.homework2.LibraryTest" time="0.019"/>
  <testcase name="testSaveLibraryToFile" classname="edu.postech.csed332.homework2.LibraryTest" time="0.002"/>
</testsuite>